INFO:  latexindent version 3.15, 2022-01-21, a script to indent .tex files
       latexindent lives here: /usr/share/texlive/texmf-dist/scripts/latexindent/
       Thu Mar 26 16:46:01 2026
       Filename: /home/mike/src/songbook-oc/src/lib/server/latex/font.tex
INFO:  Processing switches:
       -s|--silent: Silent mode active (you have used either -s or --silent)
       -w|--overwrite: Overwrite mode active, will make a back up of /home/mike/src/songbook-oc/src/lib/server/latex/font.tex first
INFO:  Directory for backup files and indent.log: /home/mike/src/songbook-oc/src/lib/server/latex
INFO:  YAML settings read: defaultSettings.yaml
       Reading defaultSettings.yaml from /usr/share/texlive/texmf-dist/scripts/latexindent/defaultSettings.yaml
INFO:  YAML settings read: indentconfig.yaml or .indentconfig.yaml
       Home directory is /home/mike (didn't find either indentconfig.yaml or .indentconfig.yaml)
       To specify user settings you would put indentconfig.yaml here: /home/mike/indentconfig.yaml
       Alternatively, you can use the hidden file .indentconfig.yaml as: /home/mike/.indentconfig.yaml
INFO:  Backup procedure (-w flag active):
       /home/mike/src/songbook-oc/src/lib/server/latex/font.bak0 already exists, incrementing by 1... (see maxNumberOfBackUps and onlyOneBackUp)
       copying /home/mike/src/songbook-oc/src/lib/server/latex/font.tex to /home/mike/src/songbook-oc/src/lib/server/latex/font.bak1
       Backup file: /home/mike/src/songbook-oc/src/lib/server/latex/font.bak1
       /home/mike/src/songbook-oc/src/lib/server/latex/font.tex will be overwritten after indentation
INFO:  Phase 1: searching for objects
INFO:  Phase 2: finding surrounding indentation
INFO:  Phase 3: indenting objects
INFO:  Phase 4: final indentation check
INFO:  Output routine:
       Overwriting file /home/mike/src/songbook-oc/src/lib/server/latex/font.tex
       --------------
INFO:  Please direct all communication/issues to:
        https://github.com/cmhughes/latexindent.pl
